<?xml version="1.0" encoding="UTF-8"?>
<!-- Generated by org.testng.reporters.JUnitReportReporter -->
<testsuite skipped="0" hostname="DESKTOP-9P71SGQ" name="pageObjectModelTest.HomePageTest" tests="1" failures="0" timestamp="22 Jan 2020 06:00:21 GMT" time="6.627" errors="0">
  <testcase name="testCheckBoxes" time="6.627" classname="pageObjectModelTest.HomePageTest"/>
</testsuite> <!-- pageObjectModelTest.HomePageTest -->
